12-03-2018 15:33:13.996 [main] INFO  c.v.d.DevopsApplications - Starting DevopsApplications on Hashworks-006 with PID 8808 (D:\VMware\Springboot_SourceCode\08March2018\devopsApplications\target\classes started by Hashworks in D:\VMware\Springboot_SourceCode\08March2018\devopsApplications)
12-03-2018 15:33:14.001 [main] INFO  c.v.d.DevopsApplications - No active profile set, falling back to default profiles: default
12-03-2018 15:33:24.419 [main] INFO  c.v.d.DevopsApplications - Started DevopsApplications in 11.041 seconds (JVM running for 12.384)
12-03-2018 15:33:28.293 [http-nio-9090-exec-9] INFO  c.v.d.s.TestExecutionQueueService - Test Execution started for queue_id : 1
12-03-2018 15:33:28.296 [http-nio-9090-exec-9] INFO  c.v.d.s.TestExecutionQueueService - Listing of Test execution queue details for queue_id : 1 started
12-03-2018 15:33:28.639 [http-nio-9090-exec-9] INFO  c.v.d.s.TestExecutionQueueService - Listing of Test execution queue details for queues_id : 1 completed with details as : [TestExecutionQueue{id=1, queueId=1, testSuiteId=1, status='COMPLETED', browser='Chrome', environment='UAT', autoDefect=1, runTrials='1', frameworkId=1, frameworkParams='test=sjshjsj', testpackId=1, archiveFlag=1}, TestExecutionQueue{id=2, queueId=1, testSuiteId=2, status='COMPLETED', browser='Chrome', environment='uat', autoDefect=1, runTrials='1', frameworkId=1, frameworkParams='"test"-"blabla"', testpackId=1, archiveFlag=1}, TestExecutionQueue{id=3, queueId=1, testSuiteId=3, status='STARTED', browser='Chrome', environment='uat', autoDefect=1, runTrials='1', frameworkId=1, frameworkParams='"test"', testpackId=1, archiveFlag=1}] 
12-03-2018 15:33:28.641 [http-nio-9090-exec-9] INFO  c.v.d.s.TestExecutionQueueService - Listing of Test Suite details for testsuite_id : [1, 2, 3] started
12-03-2018 15:33:28.667 [http-nio-9090-exec-9] INFO  c.v.d.s.TestExecutionQueueService - Listing of Test Suite details for testsuite_id : [1, 2, 3] completed with details as : [TestSuiteDetails{id=1, testSuiteId=1, tsId='1', predecessorTsId='1A', groupInfo='group1', archiveFlag=0, selectYN=1, appId=1}, TestSuiteDetails{id=2, testSuiteId=1, tsId='0', predecessorTsId='1', groupInfo='groupinfo11', archiveFlag=0, selectYN=0, appId=1}, TestSuiteDetails{id=3, testSuiteId=2, tsId='1', predecessorTsId='1', groupInfo='groupinfo8', archiveFlag=0, selectYN=1, appId=1}, TestSuiteDetails{id=4, testSuiteId=2, tsId='1', predecessorTsId='1', groupInfo='groupinfo111', archiveFlag=1, selectYN=1, appId=1}] 
12-03-2018 15:33:28.668 [http-nio-9090-exec-9] INFO  c.v.d.s.TestExecutionQueueService -  Jenkins job : TestSelinium execution started for the set : {BROWSER=[Chrome], ENVIRONMENT=[UAT], APPID=[1], AUTODEFECT=[1], FRAMEWORKID=[1], QUEUEID=[1], TESTSUITEID=[1], GROUPINFO=[group1], RUNTRIALS=[1]}
12-03-2018 15:33:28.818 [http-nio-9090-exec-9] INFO  c.v.d.s.TestExecutionQueueService -  Jenkins job : TestSelinium execution completed for the set : {BROWSER=[Chrome], ENVIRONMENT=[UAT], APPID=[1], AUTODEFECT=[1], FRAMEWORKID=[1], QUEUEID=[1], TESTSUITEID=[1], GROUPINFO=[group1], RUNTRIALS=[1]}
12-03-2018 15:33:28.819 [http-nio-9090-exec-9] INFO  c.v.d.s.TestExecutionQueueService -  Jenkins job : TestSelinium execution started for the set : {BROWSER=[Chrome], ENVIRONMENT=[UAT], APPID=[1], AUTODEFECT=[1], FRAMEWORKID=[1], QUEUEID=[1], TESTSUITEID=[1], GROUPINFO=[groupinfo11], RUNTRIALS=[1]}
12-03-2018 15:33:29.039 [http-nio-9090-exec-9] INFO  c.v.d.s.TestExecutionQueueService -  Jenkins job : TestSelinium execution completed for the set : {BROWSER=[Chrome], ENVIRONMENT=[UAT], APPID=[1], AUTODEFECT=[1], FRAMEWORKID=[1], QUEUEID=[1], TESTSUITEID=[1], GROUPINFO=[groupinfo11], RUNTRIALS=[1]}
12-03-2018 15:33:29.040 [http-nio-9090-exec-9] INFO  c.v.d.s.TestExecutionQueueService -  Jenkins job : TestSelinium execution started for the set : {BROWSER=[Chrome], ENVIRONMENT=[uat], APPID=[1], AUTODEFECT=[1], FRAMEWORKID=[1], QUEUEID=[1], TESTSUITEID=[2], GROUPINFO=[groupinfo8], RUNTRIALS=[1]}
12-03-2018 15:33:29.238 [http-nio-9090-exec-9] INFO  c.v.d.s.TestExecutionQueueService -  Jenkins job : TestSelinium execution completed for the set : {BROWSER=[Chrome], ENVIRONMENT=[uat], APPID=[1], AUTODEFECT=[1], FRAMEWORKID=[1], QUEUEID=[1], TESTSUITEID=[2], GROUPINFO=[groupinfo8], RUNTRIALS=[1]}
12-03-2018 15:33:29.241 [http-nio-9090-exec-9] INFO  c.v.d.s.TestExecutionQueueService -  Jenkins job : TestSelinium execution started for the set : {BROWSER=[Chrome], ENVIRONMENT=[uat], APPID=[1], AUTODEFECT=[1], FRAMEWORKID=[1], QUEUEID=[1], TESTSUITEID=[2], GROUPINFO=[groupinfo111], RUNTRIALS=[1]}
12-03-2018 15:33:29.418 [http-nio-9090-exec-9] INFO  c.v.d.s.TestExecutionQueueService -  Jenkins job : TestSelinium execution completed for the set : {BROWSER=[Chrome], ENVIRONMENT=[uat], APPID=[1], AUTODEFECT=[1], FRAMEWORKID=[1], QUEUEID=[1], TESTSUITEID=[2], GROUPINFO=[groupinfo111], RUNTRIALS=[1]}
12-03-2018 15:33:29.475 [http-nio-9090-exec-9] INFO  c.v.d.s.TestExecutionQueueService - Test Execution completed for queue_id : 1
12-03-2018 15:36:03.632 [main] INFO  c.v.d.DevopsApplications - Starting DevopsApplications on Hashworks-006 with PID 8692 (D:\VMware\Springboot_SourceCode\08March2018\devopsApplications\target\classes started by Hashworks in D:\VMware\Springboot_SourceCode\08March2018\devopsApplications)
12-03-2018 15:36:03.638 [main] INFO  c.v.d.DevopsApplications - No active profile set, falling back to default profiles: default
12-03-2018 15:36:17.077 [main] INFO  c.v.d.DevopsApplications - Started DevopsApplications in 13.997 seconds (JVM running for 17.433)
12-03-2018 15:38:02.121 [http-nio-9090-exec-10] INFO  c.v.d.s.TestExecutionQueueService - Test Execution started for queue_id : 1
12-03-2018 15:38:02.125 [http-nio-9090-exec-10] INFO  c.v.d.s.TestExecutionQueueService - Listing of Test execution queue details for queue_id : 1 started
12-03-2018 15:38:02.478 [http-nio-9090-exec-10] INFO  c.v.d.s.TestExecutionQueueService - Listing of Test execution queue details for queues_id : 1 completed with details as : [TestExecutionQueue{id=1, queueId=1, testSuiteId=1, status='NOT', browser='Chrome', environment='UAT', autoDefect=1, runTrials='1', frameworkId=1, frameworkParams='test=sjshjsj', testpackId=1, archiveFlag=1}, TestExecutionQueue{id=2, queueId=1, testSuiteId=2, status='NOT', browser='Chrome', environment='uat', autoDefect=1, runTrials='1', frameworkId=1, frameworkParams='"test"-"blabla"', testpackId=1, archiveFlag=1}, TestExecutionQueue{id=3, queueId=1, testSuiteId=3, status='NOT', browser='Chrome', environment='uat', autoDefect=1, runTrials='1', frameworkId=1, frameworkParams='"test"', testpackId=1, archiveFlag=1}] 
12-03-2018 17:00:09.826 [http-nio-9090-exec-10] INFO  c.v.d.s.TestExecutionQueueService - Listing of Test Suite details for testsuite_id : [1, 2, 3] started
12-03-2018 17:14:28.362 [main] INFO  c.v.d.DevopsApplications - Starting DevopsApplications on Hashworks-006 with PID 12256 (D:\VMware\Springboot_SourceCode\08March2018\devopsApplications\target\classes started by Hashworks in D:\VMware\Springboot_SourceCode\08March2018\devopsApplications)
12-03-2018 17:14:28.368 [main] INFO  c.v.d.DevopsApplications - No active profile set, falling back to default profiles: default
12-03-2018 17:14:41.711 [main] INFO  c.v.d.DevopsApplications - Started DevopsApplications in 14.362 seconds (JVM running for 18.349)
12-03-2018 17:14:48.389 [http-nio-9090-exec-1] INFO  c.v.d.s.TestExecutionQueueService - Test Execution started for queue_id : 1
12-03-2018 17:14:48.393 [http-nio-9090-exec-1] INFO  c.v.d.s.TestExecutionQueueService - Listing of Test execution queue details for queue_id : 1 started
12-03-2018 17:14:49.294 [http-nio-9090-exec-1] INFO  c.v.d.s.TestExecutionQueueService - Listing of Test execution queue details for queues_id : 1 completed with details as : [TestExecutionQueue{id=1, queueId=1, testSuiteId=1, status='NOT', browser='Chrome', environment='UAT', autoDefect=1, runTrials='1', frameworkId=1, frameworkParams='test=sjshjsj', testpackId=1, archiveFlag=1}, TestExecutionQueue{id=2, queueId=1, testSuiteId=2, status='NOT', browser='Chrome', environment='uat', autoDefect=1, runTrials='1', frameworkId=1, frameworkParams='"test"-"blabla"', testpackId=1, archiveFlag=1}, TestExecutionQueue{id=3, queueId=1, testSuiteId=3, status='NOT', browser='Chrome', environment='uat', autoDefect=1, runTrials='1', frameworkId=1, frameworkParams='"test"', testpackId=1, archiveFlag=1}] 
12-03-2018 17:14:49.295 [http-nio-9090-exec-1] INFO  c.v.d.s.TestExecutionQueueService - Listing of Test Suite details for testsuite_id : [1, 2, 3] started
12-03-2018 17:14:49.318 [http-nio-9090-exec-1] INFO  c.v.d.s.TestExecutionQueueService - Listing of Test Suite details for testsuite_id : [1, 2, 3] completed with details as : [TestSuiteDetails{id=1, testSuiteId=1, tsId='1', predecessorTsId='1A', groupInfo='group1', archiveFlag=0, selectYN=1, appId=1}, TestSuiteDetails{id=2, testSuiteId=1, tsId='0', predecessorTsId='1', groupInfo='groupinfo11', archiveFlag=0, selectYN=0, appId=1}, TestSuiteDetails{id=3, testSuiteId=2, tsId='1', predecessorTsId='1', groupInfo='groupinfo8', archiveFlag=0, selectYN=1, appId=1}, TestSuiteDetails{id=4, testSuiteId=2, tsId='1', predecessorTsId='1', groupInfo='groupinfo111', archiveFlag=1, selectYN=1, appId=1}] 
12-03-2018 17:14:49.319 [http-nio-9090-exec-1] INFO  c.v.d.s.TestExecutionQueueService -  Jenkins job : TestSelinium execution started for the set : {BROWSER=[Chrome], ENVIRONMENT=[UAT], APPID=[1], AUTODEFECT=[1], FRAMEWORKID=[1], QUEUEID=[1], TESTSUITEID=[1], GROUPINFO=[group1], RUNTRIALS=[1]}
12-03-2018 17:14:49.509 [http-nio-9090-exec-1] INFO  c.v.d.s.TestExecutionQueueService -  Jenkins job : TestSelinium execution completed for the set : {BROWSER=[Chrome], ENVIRONMENT=[UAT], APPID=[1], AUTODEFECT=[1], FRAMEWORKID=[1], QUEUEID=[1], TESTSUITEID=[1], GROUPINFO=[group1], RUNTRIALS=[1]}
12-03-2018 17:14:49.510 [http-nio-9090-exec-1] INFO  c.v.d.s.TestExecutionQueueService -  Jenkins job : TestSelinium execution started for the set : {BROWSER=[Chrome], ENVIRONMENT=[UAT], APPID=[1], AUTODEFECT=[1], FRAMEWORKID=[1], QUEUEID=[1], TESTSUITEID=[1], GROUPINFO=[groupinfo11], RUNTRIALS=[1]}
12-03-2018 17:14:49.880 [http-nio-9090-exec-1] INFO  c.v.d.s.TestExecutionQueueService -  Jenkins job : TestSelinium execution completed for the set : {BROWSER=[Chrome], ENVIRONMENT=[UAT], APPID=[1], AUTODEFECT=[1], FRAMEWORKID=[1], QUEUEID=[1], TESTSUITEID=[1], GROUPINFO=[groupinfo11], RUNTRIALS=[1]}
12-03-2018 17:14:49.881 [http-nio-9090-exec-1] INFO  c.v.d.s.TestExecutionQueueService -  Jenkins job : TestSelinium execution started for the set : {BROWSER=[Chrome], ENVIRONMENT=[uat], APPID=[1], AUTODEFECT=[1], FRAMEWORKID=[1], QUEUEID=[1], TESTSUITEID=[2], GROUPINFO=[groupinfo8], RUNTRIALS=[1]}
12-03-2018 17:14:50.047 [http-nio-9090-exec-1] INFO  c.v.d.s.TestExecutionQueueService -  Jenkins job : TestSelinium execution completed for the set : {BROWSER=[Chrome], ENVIRONMENT=[uat], APPID=[1], AUTODEFECT=[1], FRAMEWORKID=[1], QUEUEID=[1], TESTSUITEID=[2], GROUPINFO=[groupinfo8], RUNTRIALS=[1]}
12-03-2018 17:14:50.048 [http-nio-9090-exec-1] INFO  c.v.d.s.TestExecutionQueueService -  Jenkins job : TestSelinium execution started for the set : {BROWSER=[Chrome], ENVIRONMENT=[uat], APPID=[1], AUTODEFECT=[1], FRAMEWORKID=[1], QUEUEID=[1], TESTSUITEID=[2], GROUPINFO=[groupinfo111], RUNTRIALS=[1]}
12-03-2018 17:14:50.180 [http-nio-9090-exec-1] INFO  c.v.d.s.TestExecutionQueueService -  Jenkins job : TestSelinium execution completed for the set : {BROWSER=[Chrome], ENVIRONMENT=[uat], APPID=[1], AUTODEFECT=[1], FRAMEWORKID=[1], QUEUEID=[1], TESTSUITEID=[2], GROUPINFO=[groupinfo111], RUNTRIALS=[1]}
12-03-2018 17:14:51.702 [http-nio-9090-exec-1] INFO  c.v.d.s.TestExecutionQueueService - Test Execution completed for queue_id : 1
12-03-2018 17:50:16.054 [main] INFO  c.v.d.DevopsApplications - Starting DevopsApplications on Hashworks-006 with PID 1960 (D:\VMware\Springboot_SourceCode\08March2018\devopsApplications\target\classes started by Hashworks in D:\VMware\Springboot_SourceCode\08March2018\devopsApplications)
12-03-2018 17:50:16.059 [main] INFO  c.v.d.DevopsApplications - No active profile set, falling back to default profiles: default
12-03-2018 17:50:27.710 [main] INFO  c.v.d.DevopsApplications - Started DevopsApplications in 12.307 seconds (JVM running for 13.758)
12-03-2018 17:50:32.075 [http-nio-9090-exec-9] INFO  c.v.d.s.TestExecutionQueueService - Test Execution started for queue_id : 1
12-03-2018 17:50:32.078 [http-nio-9090-exec-9] INFO  c.v.d.s.TestExecutionQueueService - Listing of Test execution queue details for queue_id : 1 started
12-03-2018 17:50:32.383 [http-nio-9090-exec-9] INFO  c.v.d.s.TestExecutionQueueService - Listing of Test execution queue details for queues_id : 1 completed with details as : [TestExecutionQueue{id=1, queueId=1, testSuiteId=1, status='NOT', browser='Chrome', environment='UAT', autoDefect=1, runTrials='1', frameworkId=1, frameworkParams='test=sjshjsj', testpackId=1, archiveFlag=1}, TestExecutionQueue{id=2, queueId=1, testSuiteId=2, status='NOT', browser='Chrome', environment='uat', autoDefect=1, runTrials='1', frameworkId=1, frameworkParams='"test"-"blabla"', testpackId=1, archiveFlag=1}, TestExecutionQueue{id=3, queueId=1, testSuiteId=3, status='NOT', browser='Chrome', environment='uat', autoDefect=1, runTrials='1', frameworkId=1, frameworkParams='"test"', testpackId=1, archiveFlag=1}] 
12-03-2018 17:50:32.385 [http-nio-9090-exec-9] INFO  c.v.d.s.TestExecutionQueueService - Listing of Test Suite details for testsuite_id : [1, 2, 3] started
12-03-2018 17:50:32.410 [http-nio-9090-exec-9] INFO  c.v.d.s.TestExecutionQueueService - Listing of Test Suite details for testsuite_id : [1, 2, 3] completed with details as : [TestSuiteDetails{id=1, testSuiteId=1, tsId='1', predecessorTsId='1A', groupInfo='group1', archiveFlag=0, selectYN=1, appId=1}, TestSuiteDetails{id=2, testSuiteId=1, tsId='0', predecessorTsId='1', groupInfo='groupinfo11', archiveFlag=0, selectYN=0, appId=1}, TestSuiteDetails{id=3, testSuiteId=2, tsId='1', predecessorTsId='1', groupInfo='groupinfo8', archiveFlag=0, selectYN=1, appId=1}, TestSuiteDetails{id=4, testSuiteId=2, tsId='1', predecessorTsId='1', groupInfo='groupinfo111', archiveFlag=1, selectYN=1, appId=1}] 
12-03-2018 17:50:32.411 [http-nio-9090-exec-9] INFO  c.v.d.s.TestExecutionQueueService -  Jenkins job : TestSelinium execution started for the set : {BROWSER=[Chrome], ENVIRONMENT=[UAT], APPID=[1], AUTODEFECT=[1], FRAMEWORKID=[1], QUEUEID=[1], TESTSUITEID=[1], GROUPINFO=[group1], RUNTRIALS=[1]}
12-03-2018 17:50:32.547 [http-nio-9090-exec-9] INFO  c.v.d.s.TestExecutionQueueService -  Jenkins job : TestSelinium execution completed for the set : {BROWSER=[Chrome], ENVIRONMENT=[UAT], APPID=[1], AUTODEFECT=[1], FRAMEWORKID=[1], QUEUEID=[1], TESTSUITEID=[1], GROUPINFO=[group1], RUNTRIALS=[1]}
12-03-2018 17:50:32.548 [http-nio-9090-exec-9] INFO  c.v.d.s.TestExecutionQueueService -  Jenkins job : TestSelinium execution started for the set : {BROWSER=[Chrome], ENVIRONMENT=[UAT], APPID=[1], AUTODEFECT=[1], FRAMEWORKID=[1], QUEUEID=[1], TESTSUITEID=[1], GROUPINFO=[groupinfo11], RUNTRIALS=[1]}
12-03-2018 17:50:32.700 [http-nio-9090-exec-9] INFO  c.v.d.s.TestExecutionQueueService -  Jenkins job : TestSelinium execution completed for the set : {BROWSER=[Chrome], ENVIRONMENT=[UAT], APPID=[1], AUTODEFECT=[1], FRAMEWORKID=[1], QUEUEID=[1], TESTSUITEID=[1], GROUPINFO=[groupinfo11], RUNTRIALS=[1]}
12-03-2018 17:50:32.701 [http-nio-9090-exec-9] INFO  c.v.d.s.TestExecutionQueueService -  Jenkins job : TestSelinium execution started for the set : {BROWSER=[Chrome], ENVIRONMENT=[uat], APPID=[1], AUTODEFECT=[1], FRAMEWORKID=[1], QUEUEID=[1], TESTSUITEID=[2], GROUPINFO=[groupinfo8], RUNTRIALS=[1]}
12-03-2018 17:50:32.899 [http-nio-9090-exec-9] INFO  c.v.d.s.TestExecutionQueueService -  Jenkins job : TestSelinium execution completed for the set : {BROWSER=[Chrome], ENVIRONMENT=[uat], APPID=[1], AUTODEFECT=[1], FRAMEWORKID=[1], QUEUEID=[1], TESTSUITEID=[2], GROUPINFO=[groupinfo8], RUNTRIALS=[1]}
12-03-2018 17:50:32.900 [http-nio-9090-exec-9] INFO  c.v.d.s.TestExecutionQueueService -  Jenkins job : TestSelinium execution started for the set : {BROWSER=[Chrome], ENVIRONMENT=[uat], APPID=[1], AUTODEFECT=[1], FRAMEWORKID=[1], QUEUEID=[1], TESTSUITEID=[2], GROUPINFO=[groupinfo111], RUNTRIALS=[1]}
12-03-2018 17:50:33.072 [http-nio-9090-exec-9] INFO  c.v.d.s.TestExecutionQueueService -  Jenkins job : TestSelinium execution completed for the set : {BROWSER=[Chrome], ENVIRONMENT=[uat], APPID=[1], AUTODEFECT=[1], FRAMEWORKID=[1], QUEUEID=[1], TESTSUITEID=[2], GROUPINFO=[groupinfo111], RUNTRIALS=[1]}
12-03-2018 17:50:33.123 [http-nio-9090-exec-9] INFO  c.v.d.s.TestExecutionQueueService - Test Execution completed for queue_id : 1
12-03-2018 18:05:14.461 [main] INFO  c.v.d.DevopsApplications - Starting DevopsApplications on Hashworks-006 with PID 5296 (D:\VMware\Springboot_SourceCode\08March2018\devopsApplications\target\classes started by Hashworks in D:\VMware\Springboot_SourceCode\08March2018\devopsApplications)
12-03-2018 18:05:14.466 [main] INFO  c.v.d.DevopsApplications - No active profile set, falling back to default profiles: default
12-03-2018 18:05:25.352 [main] INFO  c.v.d.DevopsApplications - Started DevopsApplications in 11.478 seconds (JVM running for 12.852)
12-03-2018 18:05:29.416 [http-nio-9090-exec-9] INFO  c.v.d.s.TestExecutionQueueService - Test Execution started for queue_id : 1
12-03-2018 18:05:29.419 [http-nio-9090-exec-9] INFO  c.v.d.s.TestExecutionQueueService - Listing of Test execution queue details for queue_id : 1 started
12-03-2018 18:05:29.711 [http-nio-9090-exec-9] INFO  c.v.d.s.TestExecutionQueueService - Listing of Test execution queue details for queues_id : 1 completed with details as : [TestExecutionQueue{id=1, queueId=1, testSuiteId=1, status='NOT', browser='Chrome', environment='UAT', autoDefect=1, runTrials='1', frameworkId=1, frameworkParams='test=sjshjsj', testpackId=1, archiveFlag=1}, TestExecutionQueue{id=2, queueId=1, testSuiteId=2, status='NOT', browser='Chrome', environment='uat', autoDefect=1, runTrials='1', frameworkId=1, frameworkParams='"test"-"blabla"', testpackId=1, archiveFlag=1}, TestExecutionQueue{id=3, queueId=1, testSuiteId=3, status='NOT', browser='Chrome', environment='uat', autoDefect=1, runTrials='1', frameworkId=1, frameworkParams='"test"', testpackId=1, archiveFlag=1}] 
12-03-2018 18:05:29.712 [http-nio-9090-exec-9] INFO  c.v.d.s.TestExecutionQueueService - Listing of Test Suite details for testsuite_id : [1, 2, 3] started
12-03-2018 18:05:29.737 [http-nio-9090-exec-9] INFO  c.v.d.s.TestExecutionQueueService - Listing of Test Suite details for testsuite_id : [1, 2, 3] completed with details as : [TestSuiteDetails{id=1, testSuiteId=1, tsId='1', predecessorTsId='1A', groupInfo='group1', archiveFlag=0, selectYN=1, appId=1}, TestSuiteDetails{id=2, testSuiteId=1, tsId='0', predecessorTsId='1', groupInfo='groupinfo11', archiveFlag=0, selectYN=0, appId=1}, TestSuiteDetails{id=3, testSuiteId=2, tsId='1', predecessorTsId='1', groupInfo='groupinfo8', archiveFlag=0, selectYN=1, appId=1}, TestSuiteDetails{id=4, testSuiteId=2, tsId='1', predecessorTsId='1', groupInfo='groupinfo111', archiveFlag=1, selectYN=1, appId=1}] 
12-03-2018 18:05:29.738 [http-nio-9090-exec-9] INFO  c.v.d.s.TestExecutionQueueService -  Jenkins job : TestSelinium execution started for the set : {BROWSER=[Chrome], ENVIRONMENT=[UAT], APPID=[1], AUTODEFECT=[1], FRAMEWORKID=[1], QUEUEID=[1], TESTSUITEID=[1], GROUPINFO=[group1], RUNTRIALS=[1]}
12-03-2018 18:05:29.887 [http-nio-9090-exec-9] INFO  c.v.d.s.TestExecutionQueueService -  Jenkins job : TestSelinium execution completed for the set : {BROWSER=[Chrome], ENVIRONMENT=[UAT], APPID=[1], AUTODEFECT=[1], FRAMEWORKID=[1], QUEUEID=[1], TESTSUITEID=[1], GROUPINFO=[group1], RUNTRIALS=[1]}
12-03-2018 18:05:29.888 [http-nio-9090-exec-9] INFO  c.v.d.s.TestExecutionQueueService -  Jenkins job : TestSelinium execution started for the set : {BROWSER=[Chrome], ENVIRONMENT=[UAT], APPID=[1], AUTODEFECT=[1], FRAMEWORKID=[1], QUEUEID=[1], TESTSUITEID=[1], GROUPINFO=[groupinfo11], RUNTRIALS=[1]}
12-03-2018 18:05:30.054 [http-nio-9090-exec-9] INFO  c.v.d.s.TestExecutionQueueService -  Jenkins job : TestSelinium execution completed for the set : {BROWSER=[Chrome], ENVIRONMENT=[UAT], APPID=[1], AUTODEFECT=[1], FRAMEWORKID=[1], QUEUEID=[1], TESTSUITEID=[1], GROUPINFO=[groupinfo11], RUNTRIALS=[1]}
12-03-2018 18:05:30.055 [http-nio-9090-exec-9] INFO  c.v.d.s.TestExecutionQueueService -  Jenkins job : TestSelinium execution started for the set : {BROWSER=[Chrome], ENVIRONMENT=[uat], APPID=[1], AUTODEFECT=[1], FRAMEWORKID=[1], QUEUEID=[1], TESTSUITEID=[2], GROUPINFO=[groupinfo8], RUNTRIALS=[1]}
12-03-2018 18:05:30.238 [http-nio-9090-exec-9] INFO  c.v.d.s.TestExecutionQueueService -  Jenkins job : TestSelinium execution completed for the set : {BROWSER=[Chrome], ENVIRONMENT=[uat], APPID=[1], AUTODEFECT=[1], FRAMEWORKID=[1], QUEUEID=[1], TESTSUITEID=[2], GROUPINFO=[groupinfo8], RUNTRIALS=[1]}
12-03-2018 18:05:30.239 [http-nio-9090-exec-9] INFO  c.v.d.s.TestExecutionQueueService -  Jenkins job : TestSelinium execution started for the set : {BROWSER=[Chrome], ENVIRONMENT=[uat], APPID=[1], AUTODEFECT=[1], FRAMEWORKID=[1], QUEUEID=[1], TESTSUITEID=[2], GROUPINFO=[groupinfo111], RUNTRIALS=[1]}
12-03-2018 18:05:30.407 [http-nio-9090-exec-9] INFO  c.v.d.s.TestExecutionQueueService -  Jenkins job : TestSelinium execution completed for the set : {BROWSER=[Chrome], ENVIRONMENT=[uat], APPID=[1], AUTODEFECT=[1], FRAMEWORKID=[1], QUEUEID=[1], TESTSUITEID=[2], GROUPINFO=[groupinfo111], RUNTRIALS=[1]}
12-03-2018 18:05:30.521 [http-nio-9090-exec-9] INFO  c.v.d.s.TestExecutionQueueService - Test Execution completed for queue_id : 1
12-03-2018 18:07:54.685 [main] INFO  c.v.d.DevopsApplications - Starting DevopsApplications on Hashworks-006 with PID 9716 (D:\VMware\Springboot_SourceCode\08March2018\devopsApplications\target\classes started by Hashworks in D:\VMware\Springboot_SourceCode\08March2018\devopsApplications)
12-03-2018 18:07:54.690 [main] INFO  c.v.d.DevopsApplications - No active profile set, falling back to default profiles: default
12-03-2018 18:08:05.696 [main] INFO  c.v.d.DevopsApplications - Started DevopsApplications in 11.63 seconds (JVM running for 13.019)
12-03-2018 18:08:09.584 [http-nio-9090-exec-2] INFO  c.v.d.s.TestExecutionQueueService - Test Execution started for queue_id : 1
12-03-2018 18:08:09.588 [http-nio-9090-exec-2] INFO  c.v.d.s.TestExecutionQueueService - Listing of Test execution queue details for queue_id : 1 started
12-03-2018 18:08:09.869 [http-nio-9090-exec-2] INFO  c.v.d.s.TestExecutionQueueService - Listing of Test execution queue details for queues_id : 1 completed with details as : [TestExecutionQueue{id=1, queueId=1, testSuiteId=1, status='NOT', browser='Chrome', environment='UAT', autoDefect=1, runTrials='1', frameworkId=1, frameworkParams='test=sjshjsj', testpackId=1, archiveFlag=1}, TestExecutionQueue{id=2, queueId=1, testSuiteId=2, status='NOT', browser='Chrome', environment='uat', autoDefect=1, runTrials='1', frameworkId=1, frameworkParams='"test"-"blabla"', testpackId=1, archiveFlag=1}, TestExecutionQueue{id=3, queueId=1, testSuiteId=3, status='NOT', browser='Chrome', environment='uat', autoDefect=1, runTrials='1', frameworkId=1, frameworkParams='"test"', testpackId=1, archiveFlag=1}] 
12-03-2018 18:08:09.871 [http-nio-9090-exec-2] INFO  c.v.d.s.TestExecutionQueueService - Listing of Test Suite details for testsuite_id : [1, 2, 3] started
12-03-2018 18:08:09.895 [http-nio-9090-exec-2] INFO  c.v.d.s.TestExecutionQueueService - Listing of Test Suite details for testsuite_id : [1, 2, 3] completed with details as : [TestSuiteDetails{id=1, testSuiteId=1, tsId='1', predecessorTsId='1A', groupInfo='group1', archiveFlag=0, selectYN=1, appId=1}, TestSuiteDetails{id=2, testSuiteId=1, tsId='0', predecessorTsId='1', groupInfo='groupinfo11', archiveFlag=0, selectYN=0, appId=1}, TestSuiteDetails{id=3, testSuiteId=2, tsId='1', predecessorTsId='1', groupInfo='groupinfo8', archiveFlag=0, selectYN=1, appId=1}, TestSuiteDetails{id=4, testSuiteId=2, tsId='1', predecessorTsId='1', groupInfo='groupinfo111', archiveFlag=1, selectYN=1, appId=1}] 
12-03-2018 18:08:09.896 [http-nio-9090-exec-2] INFO  c.v.d.s.TestExecutionQueueService -  Jenkins job : TestSelinium execution started for the set : {BROWSER=[Chrome], ENVIRONMENT=[UAT], APPID=[1], AUTODEFECT=[1], FRAMEWORKID=[1], QUEUEID=[1], TESTSUITEID=[1], GROUPINFO=[group1], RUNTRIALS=[1]}
12-03-2018 18:08:10.037 [http-nio-9090-exec-2] INFO  c.v.d.s.TestExecutionQueueService -  Jenkins job : TestSelinium execution completed for the set : {BROWSER=[Chrome], ENVIRONMENT=[UAT], APPID=[1], AUTODEFECT=[1], FRAMEWORKID=[1], QUEUEID=[1], TESTSUITEID=[1], GROUPINFO=[group1], RUNTRIALS=[1]}
12-03-2018 18:08:10.038 [http-nio-9090-exec-2] INFO  c.v.d.s.TestExecutionQueueService -  Jenkins job : TestSelinium execution started for the set : {BROWSER=[Chrome], ENVIRONMENT=[UAT], APPID=[1], AUTODEFECT=[1], FRAMEWORKID=[1], QUEUEID=[1], TESTSUITEID=[1], GROUPINFO=[groupinfo11], RUNTRIALS=[1]}
12-03-2018 18:08:10.254 [http-nio-9090-exec-2] INFO  c.v.d.s.TestExecutionQueueService -  Jenkins job : TestSelinium execution completed for the set : {BROWSER=[Chrome], ENVIRONMENT=[UAT], APPID=[1], AUTODEFECT=[1], FRAMEWORKID=[1], QUEUEID=[1], TESTSUITEID=[1], GROUPINFO=[groupinfo11], RUNTRIALS=[1]}
12-03-2018 18:08:10.255 [http-nio-9090-exec-2] INFO  c.v.d.s.TestExecutionQueueService -  Jenkins job : TestSelinium execution started for the set : {BROWSER=[Chrome], ENVIRONMENT=[uat], APPID=[1], AUTODEFECT=[1], FRAMEWORKID=[1], QUEUEID=[1], TESTSUITEID=[2], GROUPINFO=[groupinfo8], RUNTRIALS=[1]}
12-03-2018 18:08:10.407 [http-nio-9090-exec-2] INFO  c.v.d.s.TestExecutionQueueService -  Jenkins job : TestSelinium execution completed for the set : {BROWSER=[Chrome], ENVIRONMENT=[uat], APPID=[1], AUTODEFECT=[1], FRAMEWORKID=[1], QUEUEID=[1], TESTSUITEID=[2], GROUPINFO=[groupinfo8], RUNTRIALS=[1]}
12-03-2018 18:08:10.408 [http-nio-9090-exec-2] INFO  c.v.d.s.TestExecutionQueueService -  Jenkins job : TestSelinium execution started for the set : {BROWSER=[Chrome], ENVIRONMENT=[uat], APPID=[1], AUTODEFECT=[1], FRAMEWORKID=[1], QUEUEID=[1], TESTSUITEID=[2], GROUPINFO=[groupinfo111], RUNTRIALS=[1]}
12-03-2018 18:08:10.556 [http-nio-9090-exec-2] INFO  c.v.d.s.TestExecutionQueueService -  Jenkins job : TestSelinium execution completed for the set : {BROWSER=[Chrome], ENVIRONMENT=[uat], APPID=[1], AUTODEFECT=[1], FRAMEWORKID=[1], QUEUEID=[1], TESTSUITEID=[2], GROUPINFO=[groupinfo111], RUNTRIALS=[1]}
12-03-2018 18:08:10.608 [http-nio-9090-exec-2] INFO  c.v.d.s.TestExecutionQueueService - Test Execution completed for queue_id : 1
