08-03-2018 16:47:18.775 [main] ERROR o.s.boot.SpringApplication - Application startup failed
org.springframework.web.client.HttpClientErrorException: 401 Invalid password/token for user: rsubbiah
	at org.springframework.web.client.DefaultResponseErrorHandler.handleError(DefaultResponseErrorHandler.java:85)
	at org.springframework.web.client.RestTemplate.handleResponse(RestTemplate.java:708)
	at org.springframework.web.client.RestTemplate.doExecute(RestTemplate.java:661)
	at org.springframework.web.client.RestTemplate.execute(RestTemplate.java:621)
	at org.springframework.web.client.RestTemplate.exchange(RestTemplate.java:539)
	at com.vmware.devopsApplications.utility.JenkinsUtility.onApplicationEvent(JenkinsUtility.java:50)
	at com.vmware.devopsApplications.utility.JenkinsUtility.onApplicationEvent(JenkinsUtility.java:17)
	at org.springframework.context.event.SimpleApplicationEventMulticaster.doInvokeListener(SimpleApplicationEventMulticaster.java:172)
	at org.springframework.context.event.SimpleApplicationEventMulticaster.invokeListener(SimpleApplicationEventMulticaster.java:165)
	at org.springframework.context.event.SimpleApplicationEventMulticaster.multicastEvent(SimpleApplicationEventMulticaster.java:139)
	at org.springframework.context.support.AbstractApplicationContext.publishEvent(AbstractApplicationContext.java:393)
	at org.springframework.context.support.AbstractApplicationContext.publishEvent(AbstractApplicationContext.java:347)
	at org.springframework.boot.context.event.EventPublishingRunListener.finished(EventPublishingRunListener.java:101)
	at org.springframework.boot.SpringApplicationRunListeners.callFinishedListener(SpringApplicationRunListeners.java:79)
	at org.springframework.boot.SpringApplicationRunListeners.finished(SpringApplicationRunListeners.java:72)
	at org.springframework.boot.SpringApplication.run(SpringApplication.java:305)
	at org.springframework.boot.SpringApplication.run(SpringApplication.java:1118)
	at org.springframework.boot.SpringApplication.run(SpringApplication.java:1107)
	at com.vmware.devopsApplications.DevopsApplications.main(DevopsApplications.java:12)
